c:\users\guima\desktop\isep\sgrai\repo_sgrai\sgrai_2017\proj_sgrai\proj_sgrai\debug\vc141.pdb
c:\users\guima\desktop\isep\sgrai\repo_sgrai\sgrai_2017\proj_sgrai\proj_sgrai\debug\vc141.idb
c:\users\guima\desktop\isep\sgrai\repo_sgrai\sgrai_2017\proj_sgrai\proj_sgrai\debug\a-star_algorithm.obj
c:\users\guima\desktop\isep\sgrai\repo_sgrai\sgrai_2017\proj_sgrai\proj_sgrai\debug\board.obj
c:\users\guima\desktop\isep\sgrai\repo_sgrai\sgrai_2017\proj_sgrai\proj_sgrai\debug\boardmatrixcalculations.obj
c:\users\guima\desktop\isep\sgrai\repo_sgrai\sgrai_2017\proj_sgrai\proj_sgrai\debug\camera.obj
c:\users\guima\desktop\isep\sgrai\repo_sgrai\sgrai_2017\proj_sgrai\proj_sgrai\debug\character.obj
c:\users\guima\desktop\isep\sgrai\repo_sgrai\sgrai_2017\proj_sgrai\proj_sgrai\debug\main.obj
c:\users\guima\desktop\isep\sgrai\repo_sgrai\sgrai_2017\proj_sgrai\proj_sgrai\debug\node.obj
c:\users\guima\desktop\isep\sgrai\repo_sgrai\sgrai_2017\proj_sgrai\proj_sgrai\debug\testboardmatrixcalculations.obj
c:\users\guima\desktop\isep\sgrai\repo_sgrai\sgrai_2017\proj_sgrai\proj_sgrai\debug\image_loader.obj
c:\users\guima\desktop\isep\sgrai\repo_sgrai\sgrai_2017\proj_sgrai\proj_sgrai\debug\a-star_algorithm.obj.enc
c:\users\guima\desktop\isep\sgrai\repo_sgrai\sgrai_2017\proj_sgrai\debug\proj_sgrai.pdb
c:\users\guima\desktop\isep\sgrai\repo_sgrai\sgrai_2017\proj_sgrai\debug\proj_sgrai.exe
c:\users\guima\desktop\isep\sgrai\repo_sgrai\sgrai_2017\proj_sgrai\debug\proj_sgrai.ilk
c:\users\guima\desktop\isep\sgrai\repo_sgrai\sgrai_2017\proj_sgrai\proj_sgrai\debug\proj_sgrai.tlog\cl.command.1.tlog
c:\users\guima\desktop\isep\sgrai\repo_sgrai\sgrai_2017\proj_sgrai\proj_sgrai\debug\proj_sgrai.tlog\cl.read.1.tlog
c:\users\guima\desktop\isep\sgrai\repo_sgrai\sgrai_2017\proj_sgrai\proj_sgrai\debug\proj_sgrai.tlog\cl.write.1.tlog
c:\users\guima\desktop\isep\sgrai\repo_sgrai\sgrai_2017\proj_sgrai\proj_sgrai\debug\proj_sgrai.tlog\link.command.1.tlog
c:\users\guima\desktop\isep\sgrai\repo_sgrai\sgrai_2017\proj_sgrai\proj_sgrai\debug\proj_sgrai.tlog\link.read.1.tlog
c:\users\guima\desktop\isep\sgrai\repo_sgrai\sgrai_2017\proj_sgrai\proj_sgrai\debug\proj_sgrai.tlog\link.write.1.tlog
